*--#[ d1 :

*	internal fields: quark quark quark 
*
*	detailed description:
*
*	0: 0 -> 9, p12345
*	1: 1 -> 9, -p1
*	2: 6 -> 9, qbar -> q, -p12345+p1
*	3: 2 -> 8, -p2
*	4: 3 -> 8, -p3
*	5: 7 -> 8, q -> qbar, p3+p2
*	6: 4 -> 7, -p4
*	7: 6 -> 7, q -> qbar, p12345-p5-p1
*	8: 5 -> 6, -p5

#define nl "0"

g d1 =

	+1*(-i_)
	*EikV(p12345-p1, v6l8)
	*(cOlT(cOli2,cOli7,cOli8))
	*EikV(p12345-p5-p1, v7l6)
	*(cOlT(cOli7,cOli5,cOli6))
	*EikV(p3+p2, v8l4)
	*(cOlT(cOli5,cOli3,cOli4))
	*(M(cOli1,cOli2))
	*1
	*VWilson(p1,cOli1)
	*DS(-p12345+p1, m1)
	*VWilson(p2,cOli3)
	*EpsStar(v8l4,p3,cOli4)
	*DS(p3+p2, m1)
	*EpsStar(v7l6,p4,cOli6)
	*DS(p12345-p5-p1, m1)
	*EpsStar(v6l8,p5,cOli8)

;

*--#] d1 :

*--#[ d2 :

*	internal fields: quark quark quark 
*
*	detailed description:
*
*	0: 0 -> 9, p12345
*	1: 1 -> 9, -p1
*	2: 6 -> 9, qbar -> q, -p12345+p1
*	3: 2 -> 8, -p2
*	4: 3 -> 8, -p3
*	5: 7 -> 8, q -> qbar, p3+p2
*	6: 4 -> 7, -p5
*	7: 6 -> 7, q -> qbar, p12345-p4-p1
*	8: 5 -> 6, -p4

#define nl "0"

g d2 =

	+1*(-i_)
	*EikV(p12345-p1, v6l8)
	*(cOlT(cOli2,cOli7,cOli8))
	*EikV(p12345-p4-p1, v7l6)
	*(cOlT(cOli7,cOli5,cOli6))
	*EikV(p3+p2, v8l4)
	*(cOlT(cOli5,cOli3,cOli4))
	*(M(cOli1,cOli2))
	*1
	*VWilson(p1,cOli1)
	*DS(-p12345+p1, m1)
	*VWilson(p2,cOli3)
	*EpsStar(v8l4,p3,cOli4)
	*DS(p3+p2, m1)
	*EpsStar(v7l6,p5,cOli6)
	*DS(p12345-p4-p1, m1)
	*EpsStar(v6l8,p4,cOli8)

;

*--#] d2 :

*--#[ d3 :

*	internal fields: quark quark quark 
*
*	detailed description:
*
*	0: 0 -> 9, p12345
*	1: 1 -> 9, -p1
*	2: 6 -> 9, qbar -> q, -p12345+p1
*	3: 2 -> 8, -p2
*	4: 3 -> 8, -p4
*	5: 7 -> 8, q -> qbar, p4+p2
*	6: 4 -> 7, -p3
*	7: 6 -> 7, q -> qbar, p12345-p5-p1
*	8: 5 -> 6, -p5

#define nl "0"

g d3 =

	+1*(-i_)
	*EikV(p12345-p1, v6l8)
	*(cOlT(cOli2,cOli7,cOli8))
	*EikV(p12345-p5-p1, v7l6)
	*(cOlT(cOli7,cOli5,cOli6))
	*EikV(p4+p2, v8l4)
	*(cOlT(cOli5,cOli3,cOli4))
	*(M(cOli1,cOli2))
	*1
	*VWilson(p1,cOli1)
	*DS(-p12345+p1, m1)
	*VWilson(p2,cOli3)
	*EpsStar(v8l4,p4,cOli4)
	*DS(p4+p2, m1)
	*EpsStar(v7l6,p3,cOli6)
	*DS(p12345-p5-p1, m1)
	*EpsStar(v6l8,p5,cOli8)

;

*--#] d3 :

*--#[ d4 :

*	internal fields: quark quark quark 
*
*	detailed description:
*
*	0: 0 -> 9, p12345
*	1: 1 -> 9, -p1
*	2: 6 -> 9, qbar -> q, -p12345+p1
*	3: 2 -> 8, -p2
*	4: 3 -> 8, -p5
*	5: 7 -> 8, q -> qbar, p5+p2
*	6: 4 -> 7, -p3
*	7: 6 -> 7, q -> qbar, p12345-p4-p1
*	8: 5 -> 6, -p4

#define nl "0"

g d4 =

	+1*(-i_)
	*EikV(p12345-p1, v6l8)
	*(cOlT(cOli2,cOli7,cOli8))
	*EikV(p12345-p4-p1, v7l6)
	*(cOlT(cOli7,cOli5,cOli6))
	*EikV(p5+p2, v8l4)
	*(cOlT(cOli5,cOli3,cOli4))
	*(M(cOli1,cOli2))
	*1
	*VWilson(p1,cOli1)
	*DS(-p12345+p1, m1)
	*VWilson(p2,cOli3)
	*EpsStar(v8l4,p5,cOli4)
	*DS(p5+p2, m1)
	*EpsStar(v7l6,p3,cOli6)
	*DS(p12345-p4-p1, m1)
	*EpsStar(v6l8,p4,cOli8)

;

*--#] d4 :

*--#[ d5 :

*	internal fields: quark quark quark 
*
*	detailed description:
*
*	0: 0 -> 9, p12345
*	1: 1 -> 9, -p1
*	2: 6 -> 9, qbar -> q, -p12345+p1
*	3: 2 -> 8, -p2
*	4: 3 -> 8, -p4
*	5: 7 -> 8, q -> qbar, p4+p2
*	6: 4 -> 7, -p5
*	7: 6 -> 7, q -> qbar, p12345-p3-p1
*	8: 5 -> 6, -p3

#define nl "0"

g d5 =

	+1*(-i_)
	*EikV(p12345-p1, v6l8)
	*(cOlT(cOli2,cOli7,cOli8))
	*EikV(p12345-p3-p1, v7l6)
	*(cOlT(cOli7,cOli5,cOli6))
	*EikV(p4+p2, v8l4)
	*(cOlT(cOli5,cOli3,cOli4))
	*(M(cOli1,cOli2))
	*1
	*VWilson(p1,cOli1)
	*DS(-p12345+p1, m1)
	*VWilson(p2,cOli3)
	*EpsStar(v8l4,p4,cOli4)
	*DS(p4+p2, m1)
	*EpsStar(v7l6,p5,cOli6)
	*DS(p12345-p3-p1, m1)
	*EpsStar(v6l8,p3,cOli8)

;

*--#] d5 :

*--#[ d6 :

*	internal fields: quark quark quark 
*
*	detailed description:
*
*	0: 0 -> 9, p12345
*	1: 1 -> 9, -p1
*	2: 6 -> 9, qbar -> q, -p12345+p1
*	3: 2 -> 8, -p2
*	4: 3 -> 8, -p5
*	5: 7 -> 8, q -> qbar, p5+p2
*	6: 4 -> 7, -p4
*	7: 6 -> 7, q -> qbar, p12345-p3-p1
*	8: 5 -> 6, -p3

#define nl "0"

g d6 =

	+1*(-i_)
	*EikV(p12345-p1, v6l8)
	*(cOlT(cOli2,cOli7,cOli8))
	*EikV(p12345-p3-p1, v7l6)
	*(cOlT(cOli7,cOli5,cOli6))
	*EikV(p5+p2, v8l4)
	*(cOlT(cOli5,cOli3,cOli4))
	*(M(cOli1,cOli2))
	*1
	*VWilson(p1,cOli1)
	*DS(-p12345+p1, m1)
	*VWilson(p2,cOli3)
	*EpsStar(v8l4,p5,cOli4)
	*DS(p5+p2, m1)
	*EpsStar(v7l6,p4,cOli6)
	*DS(p12345-p3-p1, m1)
	*EpsStar(v6l8,p3,cOli8)

;

*--#] d6 :

*--#[ d7 :

*	internal fields: quark g quark 
*
*	detailed description:
*
*	0: 0 -> 9, p12345
*	1: 1 -> 9, -p1
*	2: 6 -> 9, qbar -> q, -p12345+p1
*	3: 2 -> 8, -p3
*	4: 3 -> 8, -p4
*	5: 7 -> 8, g -> g, p4+p3
*	6: 4 -> 7, -p2
*	7: 6 -> 7, q -> qbar, p12345-p5-p1
*	8: 5 -> 6, -p5

#define nl "0"

g d7 =

	+6*(-i_)
	*EikV(p12345-p1, v6l8)
	*(cOlT(cOli2,cOli7,cOli8))
	*EikV(p12345-p5-p1, v7l5)
	*(cOlT(cOli7,cOli6,cOli5))
	*VVV(-p3, v8l3, -p4, v8l4, p4+p3, v8l5)
	*(-1/6*i_*cOlf(cOli3,cOli4,cOli5))
	*(M(cOli1,cOli2))
	*1
	*VWilson(p1,cOli1)
	*DS(-p12345+p1, m1)
	*EpsStar(v8l3,p3,cOli3)
	*EpsStar(v8l4,p4,cOli4)
	*DV(v7l5, v8l5, p4+p3, 0)
	*VWilson(p2,cOli6)
	*DS(p12345-p5-p1, m1)
	*EpsStar(v6l8,p5,cOli8)

;

*--#] d7 :

*--#[ d8 :

*	internal fields: quark g quark 
*
*	detailed description:
*
*	0: 0 -> 9, p12345
*	1: 1 -> 9, -p1
*	2: 6 -> 9, qbar -> q, -p12345+p1
*	3: 2 -> 8, -p3
*	4: 3 -> 8, -p5
*	5: 7 -> 8, g -> g, p5+p3
*	6: 4 -> 7, -p2
*	7: 6 -> 7, q -> qbar, p12345-p4-p1
*	8: 5 -> 6, -p4

#define nl "0"

g d8 =

	+6*(-i_)
	*EikV(p12345-p1, v6l8)
	*(cOlT(cOli2,cOli7,cOli8))
	*EikV(p12345-p4-p1, v7l5)
	*(cOlT(cOli7,cOli6,cOli5))
	*VVV(-p3, v8l3, -p5, v8l4, p5+p3, v8l5)
	*(-1/6*i_*cOlf(cOli3,cOli4,cOli5))
	*(M(cOli1,cOli2))
	*1
	*VWilson(p1,cOli1)
	*DS(-p12345+p1, m1)
	*EpsStar(v8l3,p3,cOli3)
	*EpsStar(v8l4,p5,cOli4)
	*DV(v7l5, v8l5, p5+p3, 0)
	*VWilson(p2,cOli6)
	*DS(p12345-p4-p1, m1)
	*EpsStar(v6l8,p4,cOli8)

;

*--#] d8 :

*--#[ d9 :

*	internal fields: quark g quark 
*
*	detailed description:
*
*	0: 0 -> 9, p12345
*	1: 1 -> 9, -p1
*	2: 6 -> 9, qbar -> q, -p12345+p1
*	3: 2 -> 8, -p4
*	4: 3 -> 8, -p5
*	5: 7 -> 8, g -> g, p5+p4
*	6: 4 -> 7, -p2
*	7: 6 -> 7, q -> qbar, p12345-p3-p1
*	8: 5 -> 6, -p3

#define nl "0"

g d9 =

	+6*(-i_)
	*EikV(p12345-p1, v6l8)
	*(cOlT(cOli2,cOli7,cOli8))
	*EikV(p12345-p3-p1, v7l5)
	*(cOlT(cOli7,cOli6,cOli5))
	*VVV(-p4, v8l3, -p5, v8l4, p5+p4, v8l5)
	*(-1/6*i_*cOlf(cOli3,cOli4,cOli5))
	*(M(cOli1,cOli2))
	*1
	*VWilson(p1,cOli1)
	*DS(-p12345+p1, m1)
	*EpsStar(v8l3,p4,cOli3)
	*EpsStar(v8l4,p5,cOli4)
	*DV(v7l5, v8l5, p5+p4, 0)
	*VWilson(p2,cOli6)
	*DS(p12345-p3-p1, m1)
	*EpsStar(v6l8,p3,cOli8)

;

*--#] d9 :

*--#[ d10 :

*	internal fields: quark g g 
*
*	detailed description:
*
*	0: 0 -> 9, p12345
*	1: 1 -> 9, -p1
*	2: 6 -> 9, qbar -> q, -p12345+p1
*	3: 2 -> 8, -p3
*	4: 3 -> 8, -p4
*	5: 7 -> 8, g -> g, p4+p3
*	6: 4 -> 7, -p5
*	7: 6 -> 7, g -> g, p12345-p2-p1
*	8: 5 -> 6, -p2

#define nl "0"

g d10 =

	+36*(-i_)
	*EikV(p12345-p1, v6l7)
	*(cOlT(cOli2,cOli8,cOli7))
	*VVV(-p5, v7l6, p12345-p2-p1, v7l7, -p4-p3, v7l5)
	*(-1/6*i_*cOlf(cOli6,cOli7,cOli5))
	*VVV(-p3, v8l3, -p4, v8l4, p4+p3, v8l5)
	*(-1/6*i_*cOlf(cOli3,cOli4,cOli5))
	*(M(cOli1,cOli2))
	*1
	*VWilson(p1,cOli1)
	*DS(-p12345+p1, m1)
	*EpsStar(v8l3,p3,cOli3)
	*EpsStar(v8l4,p4,cOli4)
	*DV(v7l5, v8l5, p4+p3, 0)
	*EpsStar(v7l6,p5,cOli6)
	*DV(v6l7, v7l7, p12345-p2-p1, 0)
	*VWilson(p2,cOli8)

;

*--#] d10 :

*--#[ d11 :

*	internal fields: quark g g 
*
*	detailed description:
*
*	0: 0 -> 9, p12345
*	1: 1 -> 9, -p1
*	2: 6 -> 9, qbar -> q, -p12345+p1
*	3: 2 -> 8, -p3
*	4: 3 -> 8, -p5
*	5: 7 -> 8, g -> g, p5+p3
*	6: 4 -> 7, -p4
*	7: 6 -> 7, g -> g, p12345-p2-p1
*	8: 5 -> 6, -p2

#define nl "0"

g d11 =

	+36*(-i_)
	*EikV(p12345-p1, v6l7)
	*(cOlT(cOli2,cOli8,cOli7))
	*VVV(-p4, v7l6, p12345-p2-p1, v7l7, -p5-p3, v7l5)
	*(-1/6*i_*cOlf(cOli6,cOli7,cOli5))
	*VVV(-p3, v8l3, -p5, v8l4, p5+p3, v8l5)
	*(-1/6*i_*cOlf(cOli3,cOli4,cOli5))
	*(M(cOli1,cOli2))
	*1
	*VWilson(p1,cOli1)
	*DS(-p12345+p1, m1)
	*EpsStar(v8l3,p3,cOli3)
	*EpsStar(v8l4,p5,cOli4)
	*DV(v7l5, v8l5, p5+p3, 0)
	*EpsStar(v7l6,p4,cOli6)
	*DV(v6l7, v7l7, p12345-p2-p1, 0)
	*VWilson(p2,cOli8)

;

*--#] d11 :

*--#[ d12 :

*	internal fields: quark g g 
*
*	detailed description:
*
*	0: 0 -> 9, p12345
*	1: 1 -> 9, -p1
*	2: 6 -> 9, qbar -> q, -p12345+p1
*	3: 2 -> 8, -p4
*	4: 3 -> 8, -p5
*	5: 7 -> 8, g -> g, p5+p4
*	6: 4 -> 7, -p3
*	7: 6 -> 7, g -> g, p12345-p2-p1
*	8: 5 -> 6, -p2

#define nl "0"

g d12 =

	+36*(-i_)
	*EikV(p12345-p1, v6l7)
	*(cOlT(cOli2,cOli8,cOli7))
	*VVV(-p3, v7l6, p12345-p2-p1, v7l7, -p5-p4, v7l5)
	*(-1/6*i_*cOlf(cOli6,cOli7,cOli5))
	*VVV(-p4, v8l3, -p5, v8l4, p5+p4, v8l5)
	*(-1/6*i_*cOlf(cOli3,cOli4,cOli5))
	*(M(cOli1,cOli2))
	*1
	*VWilson(p1,cOli1)
	*DS(-p12345+p1, m1)
	*EpsStar(v8l3,p4,cOli3)
	*EpsStar(v8l4,p5,cOli4)
	*DV(v7l5, v8l5, p5+p4, 0)
	*EpsStar(v7l6,p3,cOli6)
	*DV(v6l7, v7l7, p12345-p2-p1, 0)
	*VWilson(p2,cOli8)

;

*--#] d12 :

*--#[ d13 :

*	internal fields: quark quark quark 
*
*	detailed description:
*
*	0: 0 -> 9, p12345
*	1: 1 -> 9, -p2
*	2: 6 -> 9, q -> qbar, -p12345+p2
*	3: 2 -> 8, -p1
*	4: 3 -> 8, -p3
*	5: 7 -> 8, qbar -> q, p3+p1
*	6: 4 -> 7, -p4
*	7: 6 -> 7, qbar -> q, p12345-p5-p2
*	8: 5 -> 6, -p5

#define nl "0"

g d13 =

	+1*(-i_)
	*EikV(-p12345+p5+p2, v6l8)
	*(cOlT(cOli7,cOli2,cOli8))
	*EikV(-p3-p1, v7l6)
	*(cOlT(cOli5,cOli7,cOli6))
	*EikV(-p1, v8l4)
	*(cOlT(cOli3,cOli5,cOli4))
	*(M(cOli2,cOli1))
	*1
	*VWilson(p2,cOli1)
	*DS(-p12345+p2, m1)
	*VWilson(p1,cOli3)
	*EpsStar(v8l4,p3,cOli4)
	*DS(p3+p1, m1)
	*EpsStar(v7l6,p4,cOli6)
	*DS(p12345-p5-p2, m1)
	*EpsStar(v6l8,p5,cOli8)

;

*--#] d13 :

*--#[ d14 :

*	internal fields: quark quark quark 
*
*	detailed description:
*
*	0: 0 -> 9, p12345
*	1: 1 -> 9, -p2
*	2: 6 -> 9, q -> qbar, -p12345+p2
*	3: 2 -> 8, -p1
*	4: 3 -> 8, -p3
*	5: 7 -> 8, qbar -> q, p3+p1
*	6: 4 -> 7, -p5
*	7: 6 -> 7, qbar -> q, p12345-p4-p2
*	8: 5 -> 6, -p4

#define nl "0"

g d14 =

	+1*(-i_)
	*EikV(-p12345+p4+p2, v6l8)
	*(cOlT(cOli7,cOli2,cOli8))
	*EikV(-p3-p1, v7l6)
	*(cOlT(cOli5,cOli7,cOli6))
	*EikV(-p1, v8l4)
	*(cOlT(cOli3,cOli5,cOli4))
	*(M(cOli2,cOli1))
	*1
	*VWilson(p2,cOli1)
	*DS(-p12345+p2, m1)
	*VWilson(p1,cOli3)
	*EpsStar(v8l4,p3,cOli4)
	*DS(p3+p1, m1)
	*EpsStar(v7l6,p5,cOli6)
	*DS(p12345-p4-p2, m1)
	*EpsStar(v6l8,p4,cOli8)

;

*--#] d14 :

*--#[ d15 :

*	internal fields: quark quark quark 
*
*	detailed description:
*
*	0: 0 -> 9, p12345
*	1: 1 -> 9, -p2
*	2: 6 -> 9, q -> qbar, -p12345+p2
*	3: 2 -> 8, -p1
*	4: 3 -> 8, -p4
*	5: 7 -> 8, qbar -> q, p4+p1
*	6: 4 -> 7, -p3
*	7: 6 -> 7, qbar -> q, p12345-p5-p2
*	8: 5 -> 6, -p5

#define nl "0"

g d15 =

	+1*(-i_)
	*EikV(-p12345+p5+p2, v6l8)
	*(cOlT(cOli7,cOli2,cOli8))
	*EikV(-p4-p1, v7l6)
	*(cOlT(cOli5,cOli7,cOli6))
	*EikV(-p1, v8l4)
	*(cOlT(cOli3,cOli5,cOli4))
	*(M(cOli2,cOli1))
	*1
	*VWilson(p2,cOli1)
	*DS(-p12345+p2, m1)
	*VWilson(p1,cOli3)
	*EpsStar(v8l4,p4,cOli4)
	*DS(p4+p1, m1)
	*EpsStar(v7l6,p3,cOli6)
	*DS(p12345-p5-p2, m1)
	*EpsStar(v6l8,p5,cOli8)

;

*--#] d15 :

*--#[ d16 :

*	internal fields: quark quark quark 
*
*	detailed description:
*
*	0: 0 -> 9, p12345
*	1: 1 -> 9, -p2
*	2: 6 -> 9, q -> qbar, -p12345+p2
*	3: 2 -> 8, -p1
*	4: 3 -> 8, -p5
*	5: 7 -> 8, qbar -> q, p5+p1
*	6: 4 -> 7, -p3
*	7: 6 -> 7, qbar -> q, p12345-p4-p2
*	8: 5 -> 6, -p4

#define nl "0"

g d16 =

	+1*(-i_)
	*EikV(-p12345+p4+p2, v6l8)
	*(cOlT(cOli7,cOli2,cOli8))
	*EikV(-p5-p1, v7l6)
	*(cOlT(cOli5,cOli7,cOli6))
	*EikV(-p1, v8l4)
	*(cOlT(cOli3,cOli5,cOli4))
	*(M(cOli2,cOli1))
	*1
	*VWilson(p2,cOli1)
	*DS(-p12345+p2, m1)
	*VWilson(p1,cOli3)
	*EpsStar(v8l4,p5,cOli4)
	*DS(p5+p1, m1)
	*EpsStar(v7l6,p3,cOli6)
	*DS(p12345-p4-p2, m1)
	*EpsStar(v6l8,p4,cOli8)

;

*--#] d16 :

*--#[ d17 :

*	internal fields: quark quark quark 
*
*	detailed description:
*
*	0: 0 -> 9, p12345
*	1: 1 -> 9, -p2
*	2: 6 -> 9, q -> qbar, -p12345+p2
*	3: 2 -> 8, -p1
*	4: 3 -> 8, -p4
*	5: 7 -> 8, qbar -> q, p4+p1
*	6: 4 -> 7, -p5
*	7: 6 -> 7, qbar -> q, p12345-p3-p2
*	8: 5 -> 6, -p3

#define nl "0"

g d17 =

	+1*(-i_)
	*EikV(-p12345+p3+p2, v6l8)
	*(cOlT(cOli7,cOli2,cOli8))
	*EikV(-p4-p1, v7l6)
	*(cOlT(cOli5,cOli7,cOli6))
	*EikV(-p1, v8l4)
	*(cOlT(cOli3,cOli5,cOli4))
	*(M(cOli2,cOli1))
	*1
	*VWilson(p2,cOli1)
	*DS(-p12345+p2, m1)
	*VWilson(p1,cOli3)
	*EpsStar(v8l4,p4,cOli4)
	*DS(p4+p1, m1)
	*EpsStar(v7l6,p5,cOli6)
	*DS(p12345-p3-p2, m1)
	*EpsStar(v6l8,p3,cOli8)

;

*--#] d17 :

*--#[ d18 :

*	internal fields: quark quark quark 
*
*	detailed description:
*
*	0: 0 -> 9, p12345
*	1: 1 -> 9, -p2
*	2: 6 -> 9, q -> qbar, -p12345+p2
*	3: 2 -> 8, -p1
*	4: 3 -> 8, -p5
*	5: 7 -> 8, qbar -> q, p5+p1
*	6: 4 -> 7, -p4
*	7: 6 -> 7, qbar -> q, p12345-p3-p2
*	8: 5 -> 6, -p3

#define nl "0"

g d18 =

	+1*(-i_)
	*EikV(-p12345+p3+p2, v6l8)
	*(cOlT(cOli7,cOli2,cOli8))
	*EikV(-p5-p1, v7l6)
	*(cOlT(cOli5,cOli7,cOli6))
	*EikV(-p1, v8l4)
	*(cOlT(cOli3,cOli5,cOli4))
	*(M(cOli2,cOli1))
	*1
	*VWilson(p2,cOli1)
	*DS(-p12345+p2, m1)
	*VWilson(p1,cOli3)
	*EpsStar(v8l4,p5,cOli4)
	*DS(p5+p1, m1)
	*EpsStar(v7l6,p4,cOli6)
	*DS(p12345-p3-p2, m1)
	*EpsStar(v6l8,p3,cOli8)

;

*--#] d18 :

*--#[ d19 :

*	internal fields: quark g quark 
*
*	detailed description:
*
*	0: 0 -> 9, p12345
*	1: 1 -> 9, -p2
*	2: 6 -> 9, q -> qbar, -p12345+p2
*	3: 2 -> 8, -p3
*	4: 3 -> 8, -p4
*	5: 7 -> 8, g -> g, p4+p3
*	6: 4 -> 7, -p1
*	7: 6 -> 7, qbar -> q, p12345-p5-p2
*	8: 5 -> 6, -p5

#define nl "0"

g d19 =

	+6*(-i_)
	*EikV(-p12345+p5+p2, v6l8)
	*(cOlT(cOli7,cOli2,cOli8))
	*EikV(-p1, v7l5)
	*(cOlT(cOli6,cOli7,cOli5))
	*VVV(-p3, v8l3, -p4, v8l4, p4+p3, v8l5)
	*(-1/6*i_*cOlf(cOli3,cOli4,cOli5))
	*(M(cOli2,cOli1))
	*1
	*VWilson(p2,cOli1)
	*DS(-p12345+p2, m1)
	*EpsStar(v8l3,p3,cOli3)
	*EpsStar(v8l4,p4,cOli4)
	*DV(v7l5, v8l5, p4+p3, 0)
	*VWilson(p1,cOli6)
	*DS(p12345-p5-p2, m1)
	*EpsStar(v6l8,p5,cOli8)

;

*--#] d19 :

*--#[ d20 :

*	internal fields: quark g quark 
*
*	detailed description:
*
*	0: 0 -> 9, p12345
*	1: 1 -> 9, -p2
*	2: 6 -> 9, q -> qbar, -p12345+p2
*	3: 2 -> 8, -p3
*	4: 3 -> 8, -p5
*	5: 7 -> 8, g -> g, p5+p3
*	6: 4 -> 7, -p1
*	7: 6 -> 7, qbar -> q, p12345-p4-p2
*	8: 5 -> 6, -p4

#define nl "0"

g d20 =

	+6*(-i_)
	*EikV(-p12345+p4+p2, v6l8)
	*(cOlT(cOli7,cOli2,cOli8))
	*EikV(-p1, v7l5)
	*(cOlT(cOli6,cOli7,cOli5))
	*VVV(-p3, v8l3, -p5, v8l4, p5+p3, v8l5)
	*(-1/6*i_*cOlf(cOli3,cOli4,cOli5))
	*(M(cOli2,cOli1))
	*1
	*VWilson(p2,cOli1)
	*DS(-p12345+p2, m1)
	*EpsStar(v8l3,p3,cOli3)
	*EpsStar(v8l4,p5,cOli4)
	*DV(v7l5, v8l5, p5+p3, 0)
	*VWilson(p1,cOli6)
	*DS(p12345-p4-p2, m1)
	*EpsStar(v6l8,p4,cOli8)

;

*--#] d20 :

*--#[ d21 :

*	internal fields: quark g quark 
*
*	detailed description:
*
*	0: 0 -> 9, p12345
*	1: 1 -> 9, -p2
*	2: 6 -> 9, q -> qbar, -p12345+p2
*	3: 2 -> 8, -p4
*	4: 3 -> 8, -p5
*	5: 7 -> 8, g -> g, p5+p4
*	6: 4 -> 7, -p1
*	7: 6 -> 7, qbar -> q, p12345-p3-p2
*	8: 5 -> 6, -p3

#define nl "0"

g d21 =

	+6*(-i_)
	*EikV(-p12345+p3+p2, v6l8)
	*(cOlT(cOli7,cOli2,cOli8))
	*EikV(-p1, v7l5)
	*(cOlT(cOli6,cOli7,cOli5))
	*VVV(-p4, v8l3, -p5, v8l4, p5+p4, v8l5)
	*(-1/6*i_*cOlf(cOli3,cOli4,cOli5))
	*(M(cOli2,cOli1))
	*1
	*VWilson(p2,cOli1)
	*DS(-p12345+p2, m1)
	*EpsStar(v8l3,p4,cOli3)
	*EpsStar(v8l4,p5,cOli4)
	*DV(v7l5, v8l5, p5+p4, 0)
	*VWilson(p1,cOli6)
	*DS(p12345-p3-p2, m1)
	*EpsStar(v6l8,p3,cOli8)

;

*--#] d21 :

*--#[ d22 :

*	internal fields: quark g g 
*
*	detailed description:
*
*	0: 0 -> 9, p12345
*	1: 1 -> 9, -p2
*	2: 6 -> 9, q -> qbar, -p12345+p2
*	3: 2 -> 8, -p3
*	4: 3 -> 8, -p4
*	5: 7 -> 8, g -> g, p4+p3
*	6: 4 -> 7, -p5
*	7: 6 -> 7, g -> g, p12345-p1-p2
*	8: 5 -> 6, -p1

#define nl "0"

g d22 =

	+36*(-i_)
	*EikV(-p1, v6l7)
	*(cOlT(cOli8,cOli2,cOli7))
	*VVV(-p5, v7l6, p12345-p1-p2, v7l7, -p4-p3, v7l5)
	*(-1/6*i_*cOlf(cOli6,cOli7,cOli5))
	*VVV(-p3, v8l3, -p4, v8l4, p4+p3, v8l5)
	*(-1/6*i_*cOlf(cOli3,cOli4,cOli5))
	*(M(cOli2,cOli1))
	*1
	*VWilson(p2,cOli1)
	*DS(-p12345+p2, m1)
	*EpsStar(v8l3,p3,cOli3)
	*EpsStar(v8l4,p4,cOli4)
	*DV(v7l5, v8l5, p4+p3, 0)
	*EpsStar(v7l6,p5,cOli6)
	*DV(v6l7, v7l7, p12345-p1-p2, 0)
	*VWilson(p1,cOli8)

;

*--#] d22 :

*--#[ d23 :

*	internal fields: quark g g 
*
*	detailed description:
*
*	0: 0 -> 9, p12345
*	1: 1 -> 9, -p2
*	2: 6 -> 9, q -> qbar, -p12345+p2
*	3: 2 -> 8, -p3
*	4: 3 -> 8, -p5
*	5: 7 -> 8, g -> g, p5+p3
*	6: 4 -> 7, -p4
*	7: 6 -> 7, g -> g, p12345-p1-p2
*	8: 5 -> 6, -p1

#define nl "0"

g d23 =

	+36*(-i_)
	*EikV(-p1, v6l7)
	*(cOlT(cOli8,cOli2,cOli7))
	*VVV(-p4, v7l6, p12345-p1-p2, v7l7, -p5-p3, v7l5)
	*(-1/6*i_*cOlf(cOli6,cOli7,cOli5))
	*VVV(-p3, v8l3, -p5, v8l4, p5+p3, v8l5)
	*(-1/6*i_*cOlf(cOli3,cOli4,cOli5))
	*(M(cOli2,cOli1))
	*1
	*VWilson(p2,cOli1)
	*DS(-p12345+p2, m1)
	*EpsStar(v8l3,p3,cOli3)
	*EpsStar(v8l4,p5,cOli4)
	*DV(v7l5, v8l5, p5+p3, 0)
	*EpsStar(v7l6,p4,cOli6)
	*DV(v6l7, v7l7, p12345-p1-p2, 0)
	*VWilson(p1,cOli8)

;

*--#] d23 :

*--#[ d24 :

*	internal fields: quark g g 
*
*	detailed description:
*
*	0: 0 -> 9, p12345
*	1: 1 -> 9, -p2
*	2: 6 -> 9, q -> qbar, -p12345+p2
*	3: 2 -> 8, -p4
*	4: 3 -> 8, -p5
*	5: 7 -> 8, g -> g, p5+p4
*	6: 4 -> 7, -p3
*	7: 6 -> 7, g -> g, p12345-p1-p2
*	8: 5 -> 6, -p1

#define nl "0"

g d24 =

	+36*(-i_)
	*EikV(-p1, v6l7)
	*(cOlT(cOli8,cOli2,cOli7))
	*VVV(-p3, v7l6, p12345-p1-p2, v7l7, -p5-p4, v7l5)
	*(-1/6*i_*cOlf(cOli6,cOli7,cOli5))
	*VVV(-p4, v8l3, -p5, v8l4, p5+p4, v8l5)
	*(-1/6*i_*cOlf(cOli3,cOli4,cOli5))
	*(M(cOli2,cOli1))
	*1
	*VWilson(p2,cOli1)
	*DS(-p12345+p2, m1)
	*EpsStar(v8l3,p4,cOli3)
	*EpsStar(v8l4,p5,cOli4)
	*DV(v7l5, v8l5, p5+p4, 0)
	*EpsStar(v7l6,p3,cOli6)
	*DV(v6l7, v7l7, p12345-p1-p2, 0)
	*VWilson(p1,cOli8)

;

*--#] d24 :

*--#[ d25 :

*	internal fields: quark quark quark 
*
*	detailed description:
*
*	0: 0 -> 9, -p1
*	1: 1 -> 9, -p3
*	2: 6 -> 9, qbar -> q, p1+p3
*	3: 2 -> 8, -p2
*	4: 3 -> 8, -p4
*	5: 7 -> 8, q -> qbar, p4+p2
*	6: 4 -> 7, p12345
*	7: 6 -> 7, q -> qbar, -p1-p5-p3
*	8: 5 -> 6, -p5

#define nl "0"

g d25 =

	+1*(-i_)
	*EikV(-p1-p3, v6l8)
	*(cOlT(cOli2,cOli7,cOli8))
	*(M(cOli7,cOli5))
	*EikV(p4+p2, v8l4)
	*(cOlT(cOli5,cOli3,cOli4))
	*EikV(-p1, v9l1)
	*(cOlT(cOli0,cOli2,cOli1))
	*VWilson(p1,cOli0)
	*EpsStar(v9l1,p3,cOli1)
	*DS(p1+p3, m1)
	*VWilson(p2,cOli3)
	*EpsStar(v8l4,p4,cOli4)
	*DS(p4+p2, m1)
	*1
	*DS(-p1-p5-p3, m1)
	*EpsStar(v6l8,p5,cOli8)

;

*--#] d25 :

*--#[ d26 :

*	internal fields: quark quark quark 
*
*	detailed description:
*
*	0: 0 -> 9, -p1
*	1: 1 -> 9, -p3
*	2: 6 -> 9, qbar -> q, p1+p3
*	3: 2 -> 8, -p2
*	4: 3 -> 8, -p5
*	5: 7 -> 8, q -> qbar, p5+p2
*	6: 4 -> 7, p12345
*	7: 6 -> 7, q -> qbar, -p1-p4-p3
*	8: 5 -> 6, -p4

#define nl "0"

g d26 =

	+1*(-i_)
	*EikV(-p1-p3, v6l8)
	*(cOlT(cOli2,cOli7,cOli8))
	*(M(cOli7,cOli5))
	*EikV(p5+p2, v8l4)
	*(cOlT(cOli5,cOli3,cOli4))
	*EikV(-p1, v9l1)
	*(cOlT(cOli0,cOli2,cOli1))
	*VWilson(p1,cOli0)
	*EpsStar(v9l1,p3,cOli1)
	*DS(p1+p3, m1)
	*VWilson(p2,cOli3)
	*EpsStar(v8l4,p5,cOli4)
	*DS(p5+p2, m1)
	*1
	*DS(-p1-p4-p3, m1)
	*EpsStar(v6l8,p4,cOli8)

;

*--#] d26 :

*--#[ d27 :

*	internal fields: quark quark quark 
*
*	detailed description:
*
*	0: 0 -> 9, -p1
*	1: 1 -> 9, -p4
*	2: 6 -> 9, qbar -> q, p1+p4
*	3: 2 -> 8, -p2
*	4: 3 -> 8, -p3
*	5: 7 -> 8, q -> qbar, p3+p2
*	6: 4 -> 7, p12345
*	7: 6 -> 7, q -> qbar, -p1-p5-p4
*	8: 5 -> 6, -p5

#define nl "0"

g d27 =

	+1*(-i_)
	*EikV(-p1-p4, v6l8)
	*(cOlT(cOli2,cOli7,cOli8))
	*(M(cOli7,cOli5))
	*EikV(p3+p2, v8l4)
	*(cOlT(cOli5,cOli3,cOli4))
	*EikV(-p1, v9l1)
	*(cOlT(cOli0,cOli2,cOli1))
	*VWilson(p1,cOli0)
	*EpsStar(v9l1,p4,cOli1)
	*DS(p1+p4, m1)
	*VWilson(p2,cOli3)
	*EpsStar(v8l4,p3,cOli4)
	*DS(p3+p2, m1)
	*1
	*DS(-p1-p5-p4, m1)
	*EpsStar(v6l8,p5,cOli8)

;

*--#] d27 :

*--#[ d28 :

*	internal fields: quark quark quark 
*
*	detailed description:
*
*	0: 0 -> 9, -p1
*	1: 1 -> 9, -p5
*	2: 6 -> 9, qbar -> q, p1+p5
*	3: 2 -> 8, -p2
*	4: 3 -> 8, -p3
*	5: 7 -> 8, q -> qbar, p3+p2
*	6: 4 -> 7, p12345
*	7: 6 -> 7, q -> qbar, -p1-p4-p5
*	8: 5 -> 6, -p4

#define nl "0"

g d28 =

	+1*(-i_)
	*EikV(-p1-p5, v6l8)
	*(cOlT(cOli2,cOli7,cOli8))
	*(M(cOli7,cOli5))
	*EikV(p3+p2, v8l4)
	*(cOlT(cOli5,cOli3,cOli4))
	*EikV(-p1, v9l1)
	*(cOlT(cOli0,cOli2,cOli1))
	*VWilson(p1,cOli0)
	*EpsStar(v9l1,p5,cOli1)
	*DS(p1+p5, m1)
	*VWilson(p2,cOli3)
	*EpsStar(v8l4,p3,cOli4)
	*DS(p3+p2, m1)
	*1
	*DS(-p1-p4-p5, m1)
	*EpsStar(v6l8,p4,cOli8)

;

*--#] d28 :

*--#[ d29 :

*	internal fields: quark quark quark 
*
*	detailed description:
*
*	0: 0 -> 9, -p1
*	1: 1 -> 9, -p4
*	2: 6 -> 9, qbar -> q, p1+p4
*	3: 2 -> 8, -p2
*	4: 3 -> 8, -p5
*	5: 7 -> 8, q -> qbar, p5+p2
*	6: 4 -> 7, p12345
*	7: 6 -> 7, q -> qbar, -p1-p3-p4
*	8: 5 -> 6, -p3

#define nl "0"

g d29 =

	+1*(-i_)
	*EikV(-p1-p4, v6l8)
	*(cOlT(cOli2,cOli7,cOli8))
	*(M(cOli7,cOli5))
	*EikV(p5+p2, v8l4)
	*(cOlT(cOli5,cOli3,cOli4))
	*EikV(-p1, v9l1)
	*(cOlT(cOli0,cOli2,cOli1))
	*VWilson(p1,cOli0)
	*EpsStar(v9l1,p4,cOli1)
	*DS(p1+p4, m1)
	*VWilson(p2,cOli3)
	*EpsStar(v8l4,p5,cOli4)
	*DS(p5+p2, m1)
	*1
	*DS(-p1-p3-p4, m1)
	*EpsStar(v6l8,p3,cOli8)

;

*--#] d29 :

*--#[ d30 :

*	internal fields: quark quark quark 
*
*	detailed description:
*
*	0: 0 -> 9, -p1
*	1: 1 -> 9, -p5
*	2: 6 -> 9, qbar -> q, p1+p5
*	3: 2 -> 8, -p2
*	4: 3 -> 8, -p4
*	5: 7 -> 8, q -> qbar, p4+p2
*	6: 4 -> 7, p12345
*	7: 6 -> 7, q -> qbar, -p1-p3-p5
*	8: 5 -> 6, -p3

#define nl "0"

g d30 =

	+1*(-i_)
	*EikV(-p1-p5, v6l8)
	*(cOlT(cOli2,cOli7,cOli8))
	*(M(cOli7,cOli5))
	*EikV(p4+p2, v8l4)
	*(cOlT(cOli5,cOli3,cOli4))
	*EikV(-p1, v9l1)
	*(cOlT(cOli0,cOli2,cOli1))
	*VWilson(p1,cOli0)
	*EpsStar(v9l1,p5,cOli1)
	*DS(p1+p5, m1)
	*VWilson(p2,cOli3)
	*EpsStar(v8l4,p4,cOli4)
	*DS(p4+p2, m1)
	*1
	*DS(-p1-p3-p5, m1)
	*EpsStar(v6l8,p3,cOli8)

;

*--#] d30 :

*--#[ d31 :

*	internal fields: quark quark quark 
*
*	detailed description:
*
*	0: 0 -> 9, -p2
*	1: 1 -> 9, -p3
*	2: 6 -> 9, q -> qbar, p2+p3
*	3: 2 -> 8, -p1
*	4: 3 -> 8, -p4
*	5: 7 -> 8, qbar -> q, p4+p1
*	6: 4 -> 7, p12345
*	7: 6 -> 7, qbar -> q, -p2-p5-p3
*	8: 5 -> 6, -p5

#define nl "0"

g d31 =

	+1*(-i_)
	*EikV(p2+p5+p3, v6l8)
	*(cOlT(cOli7,cOli2,cOli8))
	*(M(cOli5,cOli7))
	*EikV(-p1, v8l4)
	*(cOlT(cOli3,cOli5,cOli4))
	*EikV(p2+p3, v9l1)
	*(cOlT(cOli2,cOli0,cOli1))
	*VWilson(p2,cOli0)
	*EpsStar(v9l1,p3,cOli1)
	*DS(p2+p3, m1)
	*VWilson(p1,cOli3)
	*EpsStar(v8l4,p4,cOli4)
	*DS(p4+p1, m1)
	*1
	*DS(-p2-p5-p3, m1)
	*EpsStar(v6l8,p5,cOli8)

;

*--#] d31 :

*--#[ d32 :

*	internal fields: quark quark quark 
*
*	detailed description:
*
*	0: 0 -> 9, -p2
*	1: 1 -> 9, -p3
*	2: 6 -> 9, q -> qbar, p2+p3
*	3: 2 -> 8, -p1
*	4: 3 -> 8, -p5
*	5: 7 -> 8, qbar -> q, p5+p1
*	6: 4 -> 7, p12345
*	7: 6 -> 7, qbar -> q, -p2-p4-p3
*	8: 5 -> 6, -p4

#define nl "0"

g d32 =

	+1*(-i_)
	*EikV(p2+p4+p3, v6l8)
	*(cOlT(cOli7,cOli2,cOli8))
	*(M(cOli5,cOli7))
	*EikV(-p1, v8l4)
	*(cOlT(cOli3,cOli5,cOli4))
	*EikV(p2+p3, v9l1)
	*(cOlT(cOli2,cOli0,cOli1))
	*VWilson(p2,cOli0)
	*EpsStar(v9l1,p3,cOli1)
	*DS(p2+p3, m1)
	*VWilson(p1,cOli3)
	*EpsStar(v8l4,p5,cOli4)
	*DS(p5+p1, m1)
	*1
	*DS(-p2-p4-p3, m1)
	*EpsStar(v6l8,p4,cOli8)

;

*--#] d32 :

*--#[ d33 :

*	internal fields: quark quark quark 
*
*	detailed description:
*
*	0: 0 -> 9, -p2
*	1: 1 -> 9, -p4
*	2: 6 -> 9, q -> qbar, p2+p4
*	3: 2 -> 8, -p1
*	4: 3 -> 8, -p3
*	5: 7 -> 8, qbar -> q, p3+p1
*	6: 4 -> 7, p12345
*	7: 6 -> 7, qbar -> q, -p2-p5-p4
*	8: 5 -> 6, -p5

#define nl "0"

g d33 =

	+1*(-i_)
	*EikV(p2+p5+p4, v6l8)
	*(cOlT(cOli7,cOli2,cOli8))
	*(M(cOli5,cOli7))
	*EikV(-p1, v8l4)
	*(cOlT(cOli3,cOli5,cOli4))
	*EikV(p2+p4, v9l1)
	*(cOlT(cOli2,cOli0,cOli1))
	*VWilson(p2,cOli0)
	*EpsStar(v9l1,p4,cOli1)
	*DS(p2+p4, m1)
	*VWilson(p1,cOli3)
	*EpsStar(v8l4,p3,cOli4)
	*DS(p3+p1, m1)
	*1
	*DS(-p2-p5-p4, m1)
	*EpsStar(v6l8,p5,cOli8)

;

*--#] d33 :

*--#[ d34 :

*	internal fields: quark quark quark 
*
*	detailed description:
*
*	0: 0 -> 9, -p2
*	1: 1 -> 9, -p5
*	2: 6 -> 9, q -> qbar, p2+p5
*	3: 2 -> 8, -p1
*	4: 3 -> 8, -p3
*	5: 7 -> 8, qbar -> q, p3+p1
*	6: 4 -> 7, p12345
*	7: 6 -> 7, qbar -> q, -p2-p4-p5
*	8: 5 -> 6, -p4

#define nl "0"

g d34 =

	+1*(-i_)
	*EikV(p2+p4+p5, v6l8)
	*(cOlT(cOli7,cOli2,cOli8))
	*(M(cOli5,cOli7))
	*EikV(-p1, v8l4)
	*(cOlT(cOli3,cOli5,cOli4))
	*EikV(p2+p5, v9l1)
	*(cOlT(cOli2,cOli0,cOli1))
	*VWilson(p2,cOli0)
	*EpsStar(v9l1,p5,cOli1)
	*DS(p2+p5, m1)
	*VWilson(p1,cOli3)
	*EpsStar(v8l4,p3,cOli4)
	*DS(p3+p1, m1)
	*1
	*DS(-p2-p4-p5, m1)
	*EpsStar(v6l8,p4,cOli8)

;

*--#] d34 :

*--#[ d35 :

*	internal fields: quark quark quark 
*
*	detailed description:
*
*	0: 0 -> 9, -p2
*	1: 1 -> 9, -p4
*	2: 6 -> 9, q -> qbar, p2+p4
*	3: 2 -> 8, -p1
*	4: 3 -> 8, -p5
*	5: 7 -> 8, qbar -> q, p5+p1
*	6: 4 -> 7, p12345
*	7: 6 -> 7, qbar -> q, -p2-p3-p4
*	8: 5 -> 6, -p3

#define nl "0"

g d35 =

	+1*(-i_)
	*EikV(p2+p3+p4, v6l8)
	*(cOlT(cOli7,cOli2,cOli8))
	*(M(cOli5,cOli7))
	*EikV(-p1, v8l4)
	*(cOlT(cOli3,cOli5,cOli4))
	*EikV(p2+p4, v9l1)
	*(cOlT(cOli2,cOli0,cOli1))
	*VWilson(p2,cOli0)
	*EpsStar(v9l1,p4,cOli1)
	*DS(p2+p4, m1)
	*VWilson(p1,cOli3)
	*EpsStar(v8l4,p5,cOli4)
	*DS(p5+p1, m1)
	*1
	*DS(-p2-p3-p4, m1)
	*EpsStar(v6l8,p3,cOli8)

;

*--#] d35 :

*--#[ d36 :

*	internal fields: quark quark quark 
*
*	detailed description:
*
*	0: 0 -> 9, -p2
*	1: 1 -> 9, -p5
*	2: 6 -> 9, q -> qbar, p2+p5
*	3: 2 -> 8, -p1
*	4: 3 -> 8, -p4
*	5: 7 -> 8, qbar -> q, p4+p1
*	6: 4 -> 7, p12345
*	7: 6 -> 7, qbar -> q, -p2-p3-p5
*	8: 5 -> 6, -p3

#define nl "0"

g d36 =

	+1*(-i_)
	*EikV(p2+p3+p5, v6l8)
	*(cOlT(cOli7,cOli2,cOli8))
	*(M(cOli5,cOli7))
	*EikV(-p1, v8l4)
	*(cOlT(cOli3,cOli5,cOli4))
	*EikV(p2+p5, v9l1)
	*(cOlT(cOli2,cOli0,cOli1))
	*VWilson(p2,cOli0)
	*EpsStar(v9l1,p5,cOli1)
	*DS(p2+p5, m1)
	*VWilson(p1,cOli3)
	*EpsStar(v8l4,p4,cOli4)
	*DS(p4+p1, m1)
	*1
	*DS(-p2-p3-p5, m1)
	*EpsStar(v6l8,p3,cOli8)

;

*--#] d36 :

*--#[ d37 :

*	internal fields: g quark quark 
*
*	detailed description:
*
*	0: 0 -> 9, -p3
*	1: 1 -> 9, -p4
*	2: 6 -> 9, g -> g, p3+p4
*	3: 2 -> 8, -p1
*	4: 3 -> 8, -p5
*	5: 7 -> 8, qbar -> q, p5+p1
*	6: 4 -> 7, p12345
*	7: 6 -> 7, qbar -> q, -p3-p2-p4
*	8: 5 -> 6, -p2

#define nl "0"

g d37 =

	+6*(-i_)
	*EikV(p3+p2+p4, v6l2)
	*(cOlT(cOli7,cOli8,cOli2))
	*(M(cOli5,cOli7))
	*EikV(-p1, v8l4)
	*(cOlT(cOli3,cOli5,cOli4))
	*VVV(-p3, v9l0, -p4, v9l1, p3+p4, v9l2)
	*(-1/6*i_*cOlf(cOli0,cOli1,cOli2))
	*EpsStar(v9l0,p3,cOli0)
	*EpsStar(v9l1,p4,cOli1)
	*DV(v6l2, v9l2, p3+p4, 0)
	*VWilson(p1,cOli3)
	*EpsStar(v8l4,p5,cOli4)
	*DS(p5+p1, m1)
	*1
	*DS(-p3-p2-p4, m1)
	*VWilson(p2,cOli8)

;

*--#] d37 :

*--#[ d38 :

*	internal fields: g quark quark 
*
*	detailed description:
*
*	0: 0 -> 9, -p3
*	1: 1 -> 9, -p5
*	2: 6 -> 9, g -> g, p3+p5
*	3: 2 -> 8, -p1
*	4: 3 -> 8, -p4
*	5: 7 -> 8, qbar -> q, p4+p1
*	6: 4 -> 7, p12345
*	7: 6 -> 7, qbar -> q, -p3-p2-p5
*	8: 5 -> 6, -p2

#define nl "0"

g d38 =

	+6*(-i_)
	*EikV(p3+p2+p5, v6l2)
	*(cOlT(cOli7,cOli8,cOli2))
	*(M(cOli5,cOli7))
	*EikV(-p1, v8l4)
	*(cOlT(cOli3,cOli5,cOli4))
	*VVV(-p3, v9l0, -p5, v9l1, p3+p5, v9l2)
	*(-1/6*i_*cOlf(cOli0,cOli1,cOli2))
	*EpsStar(v9l0,p3,cOli0)
	*EpsStar(v9l1,p5,cOli1)
	*DV(v6l2, v9l2, p3+p5, 0)
	*VWilson(p1,cOli3)
	*EpsStar(v8l4,p4,cOli4)
	*DS(p4+p1, m1)
	*1
	*DS(-p3-p2-p5, m1)
	*VWilson(p2,cOli8)

;

*--#] d38 :

*--#[ d39 :

*	internal fields: g quark quark 
*
*	detailed description:
*
*	0: 0 -> 9, -p4
*	1: 1 -> 9, -p5
*	2: 6 -> 9, g -> g, p4+p5
*	3: 2 -> 8, -p1
*	4: 3 -> 8, -p3
*	5: 7 -> 8, qbar -> q, p3+p1
*	6: 4 -> 7, p12345
*	7: 6 -> 7, qbar -> q, -p4-p2-p5
*	8: 5 -> 6, -p2

#define nl "0"

g d39 =

	+6*(-i_)
	*EikV(p4+p2+p5, v6l2)
	*(cOlT(cOli7,cOli8,cOli2))
	*(M(cOli5,cOli7))
	*EikV(-p1, v8l4)
	*(cOlT(cOli3,cOli5,cOli4))
	*VVV(-p4, v9l0, -p5, v9l1, p4+p5, v9l2)
	*(-1/6*i_*cOlf(cOli0,cOli1,cOli2))
	*EpsStar(v9l0,p4,cOli0)
	*EpsStar(v9l1,p5,cOli1)
	*DV(v6l2, v9l2, p4+p5, 0)
	*VWilson(p1,cOli3)
	*EpsStar(v8l4,p3,cOli4)
	*DS(p3+p1, m1)
	*1
	*DS(-p4-p2-p5, m1)
	*VWilson(p2,cOli8)

;

*--#] d39 :

*--#[ d40 :

*	internal fields: g quark quark 
*
*	detailed description:
*
*	0: 0 -> 9, -p3
*	1: 1 -> 9, -p4
*	2: 6 -> 9, g -> g, p3+p4
*	3: 2 -> 8, -p2
*	4: 3 -> 8, -p5
*	5: 7 -> 8, q -> qbar, p5+p2
*	6: 4 -> 7, p12345
*	7: 6 -> 7, q -> qbar, -p3-p1-p4
*	8: 5 -> 6, -p1

#define nl "0"

g d40 =

	+6*(-i_)
	*EikV(-p1, v6l2)
	*(cOlT(cOli8,cOli7,cOli2))
	*(M(cOli7,cOli5))
	*EikV(p5+p2, v8l4)
	*(cOlT(cOli5,cOli3,cOli4))
	*VVV(-p3, v9l0, -p4, v9l1, p3+p4, v9l2)
	*(-1/6*i_*cOlf(cOli0,cOli1,cOli2))
	*EpsStar(v9l0,p3,cOli0)
	*EpsStar(v9l1,p4,cOli1)
	*DV(v6l2, v9l2, p3+p4, 0)
	*VWilson(p2,cOli3)
	*EpsStar(v8l4,p5,cOli4)
	*DS(p5+p2, m1)
	*1
	*DS(-p3-p1-p4, m1)
	*VWilson(p1,cOli8)

;

*--#] d40 :

*--#[ d41 :

*	internal fields: g quark quark 
*
*	detailed description:
*
*	0: 0 -> 9, -p3
*	1: 1 -> 9, -p5
*	2: 6 -> 9, g -> g, p3+p5
*	3: 2 -> 8, -p2
*	4: 3 -> 8, -p4
*	5: 7 -> 8, q -> qbar, p4+p2
*	6: 4 -> 7, p12345
*	7: 6 -> 7, q -> qbar, -p3-p1-p5
*	8: 5 -> 6, -p1

#define nl "0"

g d41 =

	+6*(-i_)
	*EikV(-p1, v6l2)
	*(cOlT(cOli8,cOli7,cOli2))
	*(M(cOli7,cOli5))
	*EikV(p4+p2, v8l4)
	*(cOlT(cOli5,cOli3,cOli4))
	*VVV(-p3, v9l0, -p5, v9l1, p3+p5, v9l2)
	*(-1/6*i_*cOlf(cOli0,cOli1,cOli2))
	*EpsStar(v9l0,p3,cOli0)
	*EpsStar(v9l1,p5,cOli1)
	*DV(v6l2, v9l2, p3+p5, 0)
	*VWilson(p2,cOli3)
	*EpsStar(v8l4,p4,cOli4)
	*DS(p4+p2, m1)
	*1
	*DS(-p3-p1-p5, m1)
	*VWilson(p1,cOli8)

;

*--#] d41 :

*--#[ d42 :

*	internal fields: g quark quark 
*
*	detailed description:
*
*	0: 0 -> 9, -p4
*	1: 1 -> 9, -p5
*	2: 6 -> 9, g -> g, p4+p5
*	3: 2 -> 8, -p2
*	4: 3 -> 8, -p3
*	5: 7 -> 8, q -> qbar, p3+p2
*	6: 4 -> 7, p12345
*	7: 6 -> 7, q -> qbar, -p4-p1-p5
*	8: 5 -> 6, -p1

#define nl "0"

g d42 =

	+6*(-i_)
	*EikV(-p1, v6l2)
	*(cOlT(cOli8,cOli7,cOli2))
	*(M(cOli7,cOli5))
	*EikV(p3+p2, v8l4)
	*(cOlT(cOli5,cOli3,cOli4))
	*VVV(-p4, v9l0, -p5, v9l1, p4+p5, v9l2)
	*(-1/6*i_*cOlf(cOli0,cOli1,cOli2))
	*EpsStar(v9l0,p4,cOli0)
	*EpsStar(v9l1,p5,cOli1)
	*DV(v6l2, v9l2, p4+p5, 0)
	*VWilson(p2,cOli3)
	*EpsStar(v8l4,p3,cOli4)
	*DS(p3+p2, m1)
	*1
	*DS(-p4-p1-p5, m1)
	*VWilson(p1,cOli8)

;

*--#] d42 :

*--#[ d43 :

*	internal fields: quark quark g 
*
*	detailed description:
*
*	0: 0 -> 9, p12345
*	1: 1 -> 9, -p1
*	2: 6 -> 9, qbar -> q, -p12345+p1
*	3: 2 -> 8, -p2
*	4: 3 -> 8, -p3
*	5: 6 -> 8, q -> qbar, p3+p2
*	6: 4 -> 7, -p4
*	7: 5 -> 7, -p5
*	8: 6 -> 7, g -> g, p5+p4

#define nl "0"

g d43 =

	+6*(-i_)
	*EikV(p12345-p1, v6l8)
	*(cOlT(cOli2,cOli5,cOli8))
	*VVV(-p4, v7l6, -p5, v7l7, p5+p4, v7l8)
	*(-1/6*i_*cOlf(cOli6,cOli7,cOli8))
	*EikV(p3+p2, v8l4)
	*(cOlT(cOli5,cOli3,cOli4))
	*(M(cOli1,cOli2))
	*1
	*VWilson(p1,cOli1)
	*DS(-p12345+p1, m1)
	*VWilson(p2,cOli3)
	*EpsStar(v8l4,p3,cOli4)
	*DS(p3+p2, m1)
	*EpsStar(v7l6,p4,cOli6)
	*EpsStar(v7l7,p5,cOli7)
	*DV(v6l8, v7l8, p5+p4, 0)

;

*--#] d43 :

*--#[ d44 :

*	internal fields: quark quark g 
*
*	detailed description:
*
*	0: 0 -> 9, p12345
*	1: 1 -> 9, -p1
*	2: 6 -> 9, qbar -> q, -p12345+p1
*	3: 2 -> 8, -p2
*	4: 3 -> 8, -p4
*	5: 6 -> 8, q -> qbar, p4+p2
*	6: 4 -> 7, -p3
*	7: 5 -> 7, -p5
*	8: 6 -> 7, g -> g, p5+p3

#define nl "0"

g d44 =

	+6*(-i_)
	*EikV(p12345-p1, v6l8)
	*(cOlT(cOli2,cOli5,cOli8))
	*VVV(-p3, v7l6, -p5, v7l7, p5+p3, v7l8)
	*(-1/6*i_*cOlf(cOli6,cOli7,cOli8))
	*EikV(p4+p2, v8l4)
	*(cOlT(cOli5,cOli3,cOli4))
	*(M(cOli1,cOli2))
	*1
	*VWilson(p1,cOli1)
	*DS(-p12345+p1, m1)
	*VWilson(p2,cOli3)
	*EpsStar(v8l4,p4,cOli4)
	*DS(p4+p2, m1)
	*EpsStar(v7l6,p3,cOli6)
	*EpsStar(v7l7,p5,cOli7)
	*DV(v6l8, v7l8, p5+p3, 0)

;

*--#] d44 :

*--#[ d45 :

*	internal fields: quark quark g 
*
*	detailed description:
*
*	0: 0 -> 9, p12345
*	1: 1 -> 9, -p1
*	2: 6 -> 9, qbar -> q, -p12345+p1
*	3: 2 -> 8, -p2
*	4: 3 -> 8, -p5
*	5: 6 -> 8, q -> qbar, p5+p2
*	6: 4 -> 7, -p3
*	7: 5 -> 7, -p4
*	8: 6 -> 7, g -> g, p4+p3

#define nl "0"

g d45 =

	+6*(-i_)
	*EikV(p12345-p1, v6l8)
	*(cOlT(cOli2,cOli5,cOli8))
	*VVV(-p3, v7l6, -p4, v7l7, p4+p3, v7l8)
	*(-1/6*i_*cOlf(cOli6,cOli7,cOli8))
	*EikV(p5+p2, v8l4)
	*(cOlT(cOli5,cOli3,cOli4))
	*(M(cOli1,cOli2))
	*1
	*VWilson(p1,cOli1)
	*DS(-p12345+p1, m1)
	*VWilson(p2,cOli3)
	*EpsStar(v8l4,p5,cOli4)
	*DS(p5+p2, m1)
	*EpsStar(v7l6,p3,cOli6)
	*EpsStar(v7l7,p4,cOli7)
	*DV(v6l8, v7l8, p4+p3, 0)

;

*--#] d45 :

*--#[ d46 :

*	internal fields: quark quark g 
*
*	detailed description:
*
*	0: 0 -> 9, p12345
*	1: 1 -> 9, -p2
*	2: 6 -> 9, q -> qbar, -p12345+p2
*	3: 2 -> 8, -p1
*	4: 3 -> 8, -p3
*	5: 6 -> 8, qbar -> q, p3+p1
*	6: 4 -> 7, -p4
*	7: 5 -> 7, -p5
*	8: 6 -> 7, g -> g, p5+p4

#define nl "0"

g d46 =

	+6*(-i_)
	*EikV(-p3-p1, v6l8)
	*(cOlT(cOli5,cOli2,cOli8))
	*VVV(-p4, v7l6, -p5, v7l7, p5+p4, v7l8)
	*(-1/6*i_*cOlf(cOli6,cOli7,cOli8))
	*EikV(-p1, v8l4)
	*(cOlT(cOli3,cOli5,cOli4))
	*(M(cOli2,cOli1))
	*1
	*VWilson(p2,cOli1)
	*DS(-p12345+p2, m1)
	*VWilson(p1,cOli3)
	*EpsStar(v8l4,p3,cOli4)
	*DS(p3+p1, m1)
	*EpsStar(v7l6,p4,cOli6)
	*EpsStar(v7l7,p5,cOli7)
	*DV(v6l8, v7l8, p5+p4, 0)

;

*--#] d46 :

*--#[ d47 :

*	internal fields: quark quark g 
*
*	detailed description:
*
*	0: 0 -> 9, p12345
*	1: 1 -> 9, -p2
*	2: 6 -> 9, q -> qbar, -p12345+p2
*	3: 2 -> 8, -p1
*	4: 3 -> 8, -p4
*	5: 6 -> 8, qbar -> q, p4+p1
*	6: 4 -> 7, -p3
*	7: 5 -> 7, -p5
*	8: 6 -> 7, g -> g, p5+p3

#define nl "0"

g d47 =

	+6*(-i_)
	*EikV(-p4-p1, v6l8)
	*(cOlT(cOli5,cOli2,cOli8))
	*VVV(-p3, v7l6, -p5, v7l7, p5+p3, v7l8)
	*(-1/6*i_*cOlf(cOli6,cOli7,cOli8))
	*EikV(-p1, v8l4)
	*(cOlT(cOli3,cOli5,cOli4))
	*(M(cOli2,cOli1))
	*1
	*VWilson(p2,cOli1)
	*DS(-p12345+p2, m1)
	*VWilson(p1,cOli3)
	*EpsStar(v8l4,p4,cOli4)
	*DS(p4+p1, m1)
	*EpsStar(v7l6,p3,cOli6)
	*EpsStar(v7l7,p5,cOli7)
	*DV(v6l8, v7l8, p5+p3, 0)

;

*--#] d47 :

*--#[ d48 :

*	internal fields: quark quark g 
*
*	detailed description:
*
*	0: 0 -> 9, p12345
*	1: 1 -> 9, -p2
*	2: 6 -> 9, q -> qbar, -p12345+p2
*	3: 2 -> 8, -p1
*	4: 3 -> 8, -p5
*	5: 6 -> 8, qbar -> q, p5+p1
*	6: 4 -> 7, -p3
*	7: 5 -> 7, -p4
*	8: 6 -> 7, g -> g, p4+p3

#define nl "0"

g d48 =

	+6*(-i_)
	*EikV(-p5-p1, v6l8)
	*(cOlT(cOli5,cOli2,cOli8))
	*VVV(-p3, v7l6, -p4, v7l7, p4+p3, v7l8)
	*(-1/6*i_*cOlf(cOli6,cOli7,cOli8))
	*EikV(-p1, v8l4)
	*(cOlT(cOli3,cOli5,cOli4))
	*(M(cOli2,cOli1))
	*1
	*VWilson(p2,cOli1)
	*DS(-p12345+p2, m1)
	*VWilson(p1,cOli3)
	*EpsStar(v8l4,p5,cOli4)
	*DS(p5+p1, m1)
	*EpsStar(v7l6,p3,cOli6)
	*EpsStar(v7l7,p4,cOli7)
	*DV(v6l8, v7l8, p4+p3, 0)

;

*--#] d48 :

*--#[ d49 :

*	internal fields: g quark 
*
*	detailed description:
*
*	0: 0 -> 8, -p3
*	1: 1 -> 8, -p4
*	2: 2 -> 8, -p5
*	3: 6 -> 8, g -> g, p3+p5+p4
*	4: 3 -> 7, p12345
*	5: 4 -> 7, -p1
*	6: 6 -> 7, qbar -> q, p1-p12345
*	7: 5 -> 6, -p2

#define nl "0"

g d49 =

	+24*(+i_)
	*EikV(-p1+p12345, v6l3)
	*(cOlT(cOli6,cOli7,cOli3))
	*(M(cOli5,cOli6))
	*(+d_(v8l0, v8l1)*d_(v8l2, v8l3)
	  *(-Quad/24*(cOlf(cOlj8,cOli0,cOli2)*cOlf(cOlj8,cOli1,cOli3)
	   +cOlf(cOlj8,cOli1,cOli2)*cOlf(cOlj8,cOli0,cOli3)))
	  +d_(v8l0, v8l2)*d_(v8l1, v8l3)
	  *(-Quad/24*(cOlf(cOlj8,cOli0,cOli1)*cOlf(cOlj8,cOli2,cOli3)
	   +cOlf(cOlj8,cOli2,cOli1)*cOlf(cOlj8,cOli0,cOli3)))
	  +d_(v8l0, v8l3)*d_(v8l1, v8l2)
	  *(-Quad/24*(cOlf(cOlj8,cOli0,cOli1)*cOlf(cOlj8,cOli3,cOli2)
	   +cOlf(cOlj8,cOli3,cOli1)*cOlf(cOlj8,cOli0,cOli2))))
	*EpsStar(v8l0,p3,cOli0)
	*EpsStar(v8l1,p4,cOli1)
	*EpsStar(v8l2,p5,cOli2)
	*DV(v6l3, v8l3, p3+p5+p4, 0)
	*1
	*VWilson(p1,cOli5)
	*DS(p1-p12345, m1)
	*VWilson(p2,cOli7)

;

*--#] d49 :

*--#[ d50 :

*	internal fields: g quark 
*
*	detailed description:
*
*	0: 0 -> 8, -p3
*	1: 1 -> 8, -p4
*	2: 2 -> 8, -p5
*	3: 6 -> 8, g -> g, p3+p5+p4
*	4: 3 -> 7, p12345
*	5: 4 -> 7, -p2
*	6: 6 -> 7, q -> qbar, p2-p12345
*	7: 5 -> 6, -p1

#define nl "0"

g d50 =

	+24*(+i_)
	*EikV(-p1, v6l3)
	*(cOlT(cOli7,cOli6,cOli3))
	*(M(cOli6,cOli5))
	*(+d_(v8l0, v8l1)*d_(v8l2, v8l3)
	  *(-Quad/24*(cOlf(cOlj8,cOli0,cOli2)*cOlf(cOlj8,cOli1,cOli3)
	   +cOlf(cOlj8,cOli1,cOli2)*cOlf(cOlj8,cOli0,cOli3)))
	  +d_(v8l0, v8l2)*d_(v8l1, v8l3)
	  *(-Quad/24*(cOlf(cOlj8,cOli0,cOli1)*cOlf(cOlj8,cOli2,cOli3)
	   +cOlf(cOlj8,cOli2,cOli1)*cOlf(cOlj8,cOli0,cOli3)))
	  +d_(v8l0, v8l3)*d_(v8l1, v8l2)
	  *(-Quad/24*(cOlf(cOlj8,cOli0,cOli1)*cOlf(cOlj8,cOli3,cOli2)
	   +cOlf(cOlj8,cOli3,cOli1)*cOlf(cOlj8,cOli0,cOli2))))
	*EpsStar(v8l0,p3,cOli0)
	*EpsStar(v8l1,p4,cOli1)
	*EpsStar(v8l2,p5,cOli2)
	*DV(v6l3, v8l3, p3+p5+p4, 0)
	*1
	*VWilson(p2,cOli5)
	*DS(p2-p12345, m1)
	*VWilson(p1,cOli7)

;

*--#] d50 :

#define ndiags "50"
